<?xml version="1.0" encoding="UTF-8"?>
<!-- Generated by org.testng.reporters.JUnitXMLReporter -->
<testsuite ignored="0" hostname="DESKTOP-D7NI7PJ" failures="1" tests="4" name="Test" time="83.54" errors="0" timestamp="2023-12-07T11:49:35 IST">
  <testcase classname="products.Create_Product" name="Create_ProductTest" time="15.088">
    <skipped/>
  </testcase> <!-- Create_ProductTest -->
  <testcase classname="products.Create_Product" name="Create_ProductTest" time="10.824">
    <skipped/>
  </testcase> <!-- Create_ProductTest -->
  <testcase classname="products.Create_Product" name="Create_ProductTest" time="10.664">
    <skipped/>
  </testcase> <!-- Create_ProductTest -->
  <testcase classname="products.Create_Product" name="Create_ProductTest" time="10.794">
    <failure type="java.lang.AssertionError" message="expected [true] but found [false]">
      <![CDATA[java.lang.AssertionError: expected [true] but found [false]
at products.Create_Product.Create_ProductTest(Create_Product.java:88)
at java.base/java.util.ArrayList.forEach(ArrayList.java:1511)
... Removed 34 stack frames]]>
    </failure>
  </testcase> <!-- Create_ProductTest -->
</testsuite> <!-- Test -->
